#
# A fatal error has been detected by the Java Runtime Environment:
#
#  EXCEPTION_ACCESS_VIOLATION (0xc0000005) at pc=0x00000000705f1dc0, pid=3864, tid=7256
#
# JRE version: Java(TM) SE Runtime Environment (8.0_66-b18) (build 1.8.0_66-b18)
# Java VM: Java HotSpot(TM) 64-Bit Server VM (25.66-b18 mixed mode windows-amd64 compressed oops)
# Problematic frame:
# C  [nvoglv64.DLL+0x5f1dc0]
#
# Failed to write core dump. Minidumps are not enabled by default on client versions of Windows
#
# If you would like to submit a bug report, please visit:
#   http://bugreport.java.com/bugreport/crash.jsp
# The crash happened outside the Java Virtual Machine in native code.
# See problematic frame for where to report the bug.
#

---------------  T H R E A D  ---------------

Current thread (0x0000000002250800):  JavaThread "render" [_thread_in_native, id=7256, stack(0x0000000002090000,0x0000000002190000)]

siginfo: ExceptionCode=0xc0000005, reading address 0x0000000000000000

Registers:
RAX=0x0000000000000000, RBX=0x0000000000000000, RCX=0x00000000ffffff59, RDX=0x000000001fb2ecd0
RSP=0x000000000218ed50, RBP=0x0000000000000000, RSI=0x000000000000152c, RDI=0x000000001b202080
R8 =0x0000000000000008, R9 =0x000000001fb2ecac, R10=0x000000001fb2ecc4, R11=0x00000000000000a7
R12=0x0000000000001405, R13=0x0000000000001500, R14=0x0000000000000540, R15=0x000000001fb2ecd0
RIP=0x00000000705f1dc0, EFLAGS=0x0000000000010297

Top of Stack: (sp=0x000000000218ed50)
0x000000000218ed50:   0000000020ac36d0 0000000002250800
0x000000000218ed60:   0000000020ac36d0 0000000002250800
0x000000000218ed70:   00000000000000b9 000000000218ef00
0x000000000218ed80:   0000000000000014 0000000071f9923f
0x000000000218ed90:   000000000218ef20 0000000000000014
0x000000000218eda0:   0000000000000000 0000000000000000
0x000000000218edb0:   0000000002250800 000000000218eec8
0x000000000218edc0:   0000000000000000 00000001000b8100
0x000000000218edd0:   000000000218ee78 0000000002365e34
0x000000000218ede0:   000000001a346710 0000000016de6401
0x000000000218edf0:   0000000016e1dfa0 0000000016e1dfa0
0x000000000218ee00:   0000000000000540 0000000000001405
0x000000000218ee10:   0000000000000000 0000000002357a70
0x000000000218ee20:   00000000d78d4010 000000000218ee28
0x000000000218ee30:   0000000016ef3634 000000000218ee38
0x000000000218ee40:   0000000000000000 000000000218eec8 

Instructions: (pc=0x00000000705f1dc0)
0x00000000705f1da0:   2d 01 41 8d 48 f7 c1 e9 03 ff c1 44 8b d9 f7 d9
0x00000000705f1db0:   45 8d 04 c8 0f 1f 40 00 0f 1f 84 00 00 00 00 00
0x00000000705f1dc0:   66 0f 6f 10 66 0f 6f 48 10 48 83 c0 20 66 0f 6f
0x00000000705f1dd0:   c2 66 0f eb c3 66 0f 6f d8 66 0f eb d9 0f 18 00 


Register to memory mapping:

RAX=0x0000000000000000 is an unknown value
RBX=0x0000000000000000 is an unknown value
RCX=0x00000000ffffff59 is an unallocated location in the heap
RDX=0x000000001fb2ecd0 is an unknown value
RSP=0x000000000218ed50 is pointing into the stack for thread: 0x0000000002250800
RBP=0x0000000000000000 is an unknown value
RSI=0x000000000000152c is an unknown value
RDI=0x000000001b202080 is an unknown value
R8 =0x0000000000000008 is an unknown value
R9 =0x000000001fb2ecac is an unknown value
R10=0x000000001fb2ecc4 is an unknown value
R11=0x00000000000000a7 is an unknown value
R12=0x0000000000001405 is an unknown value
R13=0x0000000000001500 is an unknown value
R14=0x0000000000000540 is an unknown value
R15=0x000000001fb2ecd0 is an unknown value


Stack: [0x0000000002090000,0x0000000002190000],  sp=0x000000000218ed50,  free space=1019k
Native frames: (J=compiled Java code, j=interpreted, Vv=VM code, C=native code)

Java frames: (J=compiled Java code, j=interpreted, Vv=VM code)
j  org.lwjgl.system.JNI.callIIIPV(JIIIJ)V+0
j  org.lwjgl.opengl.GL11.nglDrawElements(IIIJ)V+14
j  org.lwjgl.opengl.GL11.glDrawElements(IIIJ)V+17
j  vine.platform.lwjgl3.GLGraphics.drawElements(I)V+6
j  vine.graphics.VertexArrayBuffer.draw()V+15
j  vine.graphics.VertexArrayBuffer.render()V+5
j  vine.graphics.Renderer.flushChars(Lvine/math/Matrix4f;Lvine/math/Matrix4f;)V+28
j  vine.gameplay.scene.Scene.render()V+106
j  vine.game.Game.render()V+6
j  vine.game.GameRunner.run(Lvine/window/Window;Lvine/input/Input;Lvine/graphics/Graphics;)V+67
j  vine.application.Application.run()V+229
j  vine.application.Application.main([Ljava/lang/String;)V+8
v  ~StubRoutines::call_stub

---------------  P R O C E S S  ---------------

Java Threads: ( => current thread )
  0x000000001a428000 JavaThread "Direct Clip" daemon [_thread_in_vm, id=8084, stack(0x0000000021430000,0x0000000021530000)]
  0x000000001a427800 JavaThread "Java Sound Event Dispatcher" daemon [_thread_blocked, id=6288, stack(0x0000000021030000,0x0000000021130000)]
  0x000000001a52d800 JavaThread "Java2D Disposer" daemon [_thread_blocked, id=3000, stack(0x0000000020970000,0x0000000020a70000)]
  0x00000000194ed000 JavaThread "Service Thread" daemon [_thread_blocked, id=4672, stack(0x0000000019e20000,0x0000000019f20000)]
  0x0000000019460000 JavaThread "C1 CompilerThread3" daemon [_thread_blocked, id=6568, stack(0x0000000019d20000,0x0000000019e20000)]
  0x000000001945d000 JavaThread "C2 CompilerThread2" daemon [_thread_blocked, id=4360, stack(0x0000000019c20000,0x0000000019d20000)]
  0x000000001944a000 JavaThread "C2 CompilerThread1" daemon [_thread_blocked, id=1180, stack(0x0000000019b20000,0x0000000019c20000)]
  0x0000000019445800 JavaThread "C2 CompilerThread0" daemon [_thread_blocked, id=3648, stack(0x0000000019a20000,0x0000000019b20000)]
  0x0000000019444800 JavaThread "Attach Listener" daemon [_thread_blocked, id=1720, stack(0x0000000019920000,0x0000000019a20000)]
  0x000000001737e800 JavaThread "Signal Dispatcher" daemon [_thread_blocked, id=7128, stack(0x0000000019820000,0x0000000019920000)]
  0x000000000234a000 JavaThread "Finalizer" daemon [_thread_blocked, id=252, stack(0x0000000019240000,0x0000000019340000)]
  0x000000001736d800 JavaThread "Reference Handler" daemon [_thread_blocked, id=6840, stack(0x0000000019140000,0x0000000019240000)]
=>0x0000000002250800 JavaThread "render" [_thread_in_native, id=7256, stack(0x0000000002090000,0x0000000002190000)]

Other Threads:
  0x0000000017369000 VMThread [stack: 0x0000000019040000,0x0000000019140000] [id=7148]
  0x0000000019504000 WatcherThread [stack: 0x0000000019f20000,0x000000001a020000] [id=6220]

VM state:not at safepoint (normal execution)

VM Mutex/Monitor currently owned by a thread: None

Heap:
 PSYoungGen      total 38400K, used 14854K [0x00000000d5800000, 0x00000000da300000, 0x0000000100000000)
  eden space 33280K, 29% used [0x00000000d5800000,0x00000000d61ab848,0x00000000d7880000)
  from space 5120K, 96% used [0x00000000d7880000,0x00000000d7d56038,0x00000000d7d80000)
  to   space 5120K, 0% used [0x00000000d9e00000,0x00000000d9e00000,0x00000000da300000)
 ParOldGen       total 87552K, used 39738K [0x0000000080800000, 0x0000000085d80000, 0x00000000d5800000)
  object space 87552K, 45% used [0x0000000080800000,0x0000000082ece9e0,0x0000000085d80000)
 Metaspace       used 12501K, capacity 12922K, committed 13184K, reserved 1060864K
  class space    used 1228K, capacity 1341K, committed 1408K, reserved 1048576K

Card table byte_map: [0x0000000011710000,0x0000000011b10000] byte_map_base: 0x000000001130c000

Marking Bits: (ParMarkBitMap*) 0x000000007270a5b0
 Begin Bits: [0x00000000125c0000, 0x00000000145a0000)
 End Bits:   [0x00000000145a0000, 0x0000000016580000)

Polling page: 0x0000000000560000

CodeCache: size=245760Kb used=3697Kb max_used=3714Kb free=242062Kb
 bounds [0x0000000002350000, 0x0000000002700000, 0x0000000011350000]
 total_blobs=1838 nmethods=1051 adapters=700
 compilation: enabled

Compilation events (10 events):
Event: 2.200 Thread 0x0000000019460000 nmethod 1047 0x00000000026e6e50 code [0x00000000026e6fc0, 0x00000000026e72c8]
Event: 2.200 Thread 0x0000000019460000 1048       3       vine.gameplay.component.StaticSprite::getUVCoordinates (11 bytes)
Event: 2.200 Thread 0x0000000019460000 nmethod 1048 0x00000000026e6910 code [0x00000000026e6a80, 0x00000000026e6d88]
Event: 2.201 Thread 0x0000000019460000 1049       1       vine.animation.AnimationState::getClip (5 bytes)
Event: 2.202 Thread 0x0000000019460000 nmethod 1049 0x00000000026e8fd0 code [0x00000000026e9120, 0x00000000026e9230]
Event: 2.202 Thread 0x0000000019460000 1051       3       vine.tilemap.TileMap::getTile (14 bytes)
Event: 2.202 Thread 0x0000000019460000 nmethod 1051 0x00000000026e9290 code [0x00000000026e93e0, 0x00000000026e9570]
Event: 2.202 Thread 0x0000000019460000 1050       1       vine.animation.AnimationFrame::getUvs (5 bytes)
Event: 2.202 Thread 0x0000000019460000 nmethod 1050 0x00000000026e9650 code [0x00000000026e97a0, 0x00000000026e98b0]
Event: 2.209 Thread 0x000000001945d000 nmethod 975 0x00000000026edf50 code [0x00000000026ee2a0, 0x00000000026efc50]

GC Heap History (2 events):
Event: 1.980 GC heap before
{Heap before GC invocations=1 (full 0):
 PSYoungGen      total 38400K, used 33280K [0x00000000d5800000, 0x00000000d8280000, 0x0000000100000000)
  eden space 33280K, 100% used [0x00000000d5800000,0x00000000d7880000,0x00000000d7880000)
  from space 5120K, 0% used [0x00000000d7d80000,0x00000000d7d80000,0x00000000d8280000)
  to   space 5120K, 0% used [0x00000000d7880000,0x00000000d7880000,0x00000000d7d80000)
 ParOldGen       total 87552K, used 0K [0x0000000080800000, 0x0000000085d80000, 0x00000000d5800000)
  object space 87552K, 0% used [0x0000000080800000,0x0000000080800000,0x0000000085d80000)
 Metaspace       used 11808K, capacity 12116K, committed 12288K, reserved 1060864K
  class space    used 1134K, capacity 1212K, committed 1280K, reserved 1048576K
Event: 2.012 GC heap after
Heap after GC invocations=1 (full 0):
 PSYoungGen      total 38400K, used 4952K [0x00000000d5800000, 0x00000000da300000, 0x0000000100000000)
  eden space 33280K, 0% used [0x00000000d5800000,0x00000000d5800000,0x00000000d7880000)
  from space 5120K, 96% used [0x00000000d7880000,0x00000000d7d56038,0x00000000d7d80000)
  to   space 5120K, 0% used [0x00000000d9e00000,0x00000000d9e00000,0x00000000da300000)
 ParOldGen       total 87552K, used 11734K [0x0000000080800000, 0x0000000085d80000, 0x00000000d5800000)
  object space 87552K, 13% used [0x0000000080800000,0x0000000081375b10,0x0000000085d80000)
 Metaspace       used 11808K, capacity 12116K, committed 12288K, reserved 1060864K
  class space    used 1134K, capacity 1212K, committed 1280K, reserved 1048576K
}

Deoptimization events (5 events):
Event: 1.779 Thread 0x0000000002250800 Uncommon trap: reason=unstable_if action=reinterpret pc=0x00000000024c27e0 method=java.lang.String.indexOf([CII[CIII)I @ 3
Event: 1.783 Thread 0x0000000002250800 Uncommon trap: reason=unstable_if action=reinterpret pc=0x00000000024bfc84 method=java.lang.String.indexOf([CII[CIII)I @ 123
Event: 1.953 Thread 0x0000000002250800 Uncommon trap: reason=unstable_if action=reinterpret pc=0x00000000026473dc method=vine.tilemap.TileMap.construct(II)V @ 275
Event: 2.065 Thread 0x0000000002250800 Uncommon trap: reason=unstable_if action=reinterpret pc=0x0000000002699810 method=java.lang.Class.privateGetDeclaredMethods(Z)[Ljava/lang/reflect/Method; @ 29
Event: 2.161 Thread 0x0000000002250800 Uncommon trap: reason=unstable_if action=reinterpret pc=0x00000000026a76f0 method=java.util.Spliterators$ArraySpliterator.tryAdvance(Ljava/util/function/Consumer;)Z @ 27

Internal exceptions (10 events):
Event: 0.233 Thread 0x0000000002250800 Exception <a 'java/lang/ClassNotFoundException': java/lang/ObjectBeanInfo> (0x00000000d5b630c0) thrown at [C:\re\workspace\8-2-build-windows-amd64-cygwin\jdk8u66\5298\hotspot\src\share\vm\classfile\systemDictionary.cpp, line 210]
Event: 0.234 Thread 0x0000000002250800 Exception <a 'java/lang/ClassNotFoundException': java/lang/ObjectCustomizer> (0x00000000d5b653b0) thrown at [C:\re\workspace\8-2-build-windows-amd64-cygwin\jdk8u66\5298\hotspot\src\share\vm\classfile\systemDictionary.cpp, line 210]
Event: 0.238 Thread 0x0000000002250800 Exception <a 'java/lang/ArrayIndexOutOfBoundsException': 18> (0x00000000d5b67ae8) thrown at [C:\re\workspace\8-2-build-windows-amd64-cygwin\jdk8u66\5298\hotspot\src\share\vm\interpreter\interpreterRuntime.cpp, line 366]
Event: 0.239 Thread 0x0000000002250800 Exception <a 'java/lang/ArrayIndexOutOfBoundsException': 22> (0x00000000d5b6aeb0) thrown at [C:\re\workspace\8-2-build-windows-amd64-cygwin\jdk8u66\5298\hotspot\src\share\vm\interpreter\interpreterRuntime.cpp, line 366]
Event: 0.240 Thread 0x0000000002250800 Exception <a 'java/lang/ArrayIndexOutOfBoundsException': 160> (0x00000000d5b6d300) thrown at [C:\re\workspace\8-2-build-windows-amd64-cygwin\jdk8u66\5298\hotspot\src\share\vm\interpreter\interpreterRuntime.cpp, line 366]
Event: 0.244 Thread 0x0000000002250800 Exception <a 'java/lang/ClassNotFoundException': org/apache/log4j/LayoutCustomizer> (0x00000000d5b73658) thrown at [C:\re\workspace\8-2-build-windows-amd64-cygwin\jdk8u66\5298\hotspot\src\share\vm\classfile\systemDictionary.cpp, line 210]
Event: 0.246 Thread 0x0000000002250800 Exception <a 'java/lang/ClassNotFoundException': org/apache/log4j/PatternLayoutCustomizer> (0x00000000d5b86740) thrown at [C:\re\workspace\8-2-build-windows-amd64-cygwin\jdk8u66\5298\hotspot\src\share\vm\classfile\systemDictionary.cpp, line 210]
Event: 0.434 Thread 0x0000000002250800 Exception <a 'java/lang/NoSuchFieldError': method resolution failed> (0x00000000d5e10010) thrown at [C:\re\workspace\8-2-build-windows-amd64-cygwin\jdk8u66\5298\hotspot\src\share\vm\prims\methodHandles.cpp, line 1146]
Event: 0.436 Thread 0x0000000002250800 Exception <a 'java/lang/NoSuchFieldError': method resolution failed> (0x00000000d5e1d390) thrown at [C:\re\workspace\8-2-build-windows-amd64-cygwin\jdk8u66\5298\hotspot\src\share\vm\prims\methodHandles.cpp, line 1146]
Event: 1.760 Thread 0x0000000002250800 Exception <a 'java/io/FileNotFoundException'> (0x00000000d6915da0) thrown at [C:\re\workspace\8-2-build-windows-amd64-cygwin\jdk8u66\5298\hotspot\src\share\vm\prims\jni.cpp, line 709]

Events (10 events):
Event: 2.186 loading class java/math/RoundingMode
Event: 2.187 loading class java/math/RoundingMode done
Event: 2.188 loading class vine/application/StatMonitor
Event: 2.188 loading class vine/application/StatMonitor done
Event: 2.189 loading class vine/gameplay/component/Component
Event: 2.189 loading class vine/gameplay/component/Component done
Event: 2.189 loading class vine/gameplay/component/Component
Event: 2.189 loading class vine/gameplay/component/Component done
Event: 2.200 loading class java/lang/StrictMath
Event: 2.201 loading class java/lang/StrictMath done


Dynamic libraries:
0x00007ff7ae460000 - 0x00007ff7ae497000 	C:\Program Files\Java\jre1.8.0_66\bin\javaw.exe
0x00007ff9a9390000 - 0x00007ff9a9551000 	C:\Windows\SYSTEM32\ntdll.dll
0x00007ff9a8900000 - 0x00007ff9a89ad000 	C:\Windows\system32\KERNEL32.DLL
0x00007ff9a6530000 - 0x00007ff9a6718000 	C:\Windows\system32\KERNELBASE.dll
0x00007ff9a7250000 - 0x00007ff9a72f7000 	C:\Windows\system32\ADVAPI32.dll
0x00007ff9a8a40000 - 0x00007ff9a8add000 	C:\Windows\system32\msvcrt.dll
0x00007ff9a9330000 - 0x00007ff9a938b000 	C:\Windows\system32\sechost.dll
0x00007ff9a6f20000 - 0x00007ff9a703c000 	C:\Windows\system32\RPCRT4.dll
0x00007ff9a8ee0000 - 0x00007ff9a9036000 	C:\Windows\system32\USER32.dll
0x00007ff9a6900000 - 0x00007ff9a6a86000 	C:\Windows\system32\GDI32.dll
0x00007ff9a0dd0000 - 0x00007ff9a1044000 	C:\Windows\WinSxS\amd64_microsoft.windows.common-controls_6595b64144ccf1df_6.0.10586.0_none_8c15ae12515e1c22\COMCTL32.dll
0x00007ff9a9040000 - 0x00007ff9a92bd000 	C:\Windows\system32\combase.dll
0x00007ff9a6720000 - 0x00007ff9a678a000 	C:\Windows\system32\bcryptPrimitives.dll
0x00007ff9a7300000 - 0x00007ff9a733b000 	C:\Windows\system32\IMM32.DLL
0x0000000071d50000 - 0x0000000071e22000 	C:\Program Files\Java\jre1.8.0_66\bin\msvcr100.dll
0x0000000071f00000 - 0x0000000072789000 	C:\Program Files\Java\jre1.8.0_66\bin\server\jvm.dll
0x00007ff9a7040000 - 0x00007ff9a7048000 	C:\Windows\system32\PSAPI.DLL
0x00007ff99d020000 - 0x00007ff99d029000 	C:\Windows\SYSTEM32\WSOCK32.dll
0x00007ff9a3de0000 - 0x00007ff9a3e03000 	C:\Windows\SYSTEM32\WINMM.dll
0x00007ff9a11f0000 - 0x00007ff9a11fa000 	C:\Windows\SYSTEM32\VERSION.dll
0x00007ff9a89b0000 - 0x00007ff9a8a1b000 	C:\Windows\system32\WS2_32.dll
0x00007ff9a3d80000 - 0x00007ff9a3dac000 	C:\Windows\SYSTEM32\WINMMBASE.dll
0x00007ff9a5b00000 - 0x00007ff9a5b43000 	C:\Windows\system32\cfgmgr32.dll
0x0000000071ef0000 - 0x0000000071eff000 	C:\Program Files\Java\jre1.8.0_66\bin\verify.dll
0x0000000071ec0000 - 0x0000000071ee9000 	C:\Program Files\Java\jre1.8.0_66\bin\java.dll
0x0000000071ea0000 - 0x0000000071eb6000 	C:\Program Files\Java\jre1.8.0_66\bin\zip.dll
0x00007ff9a73a0000 - 0x00007ff9a88ff000 	C:\Windows\system32\SHELL32.dll
0x00007ff9a5df0000 - 0x00007ff9a6434000 	C:\Windows\system32\windows.storage.dll
0x00007ff9a6ec0000 - 0x00007ff9a6f12000 	C:\Windows\system32\shlwapi.dll
0x00007ff9a59b0000 - 0x00007ff9a59bf000 	C:\Windows\system32\kernel.appcore.dll
0x00007ff9a5a40000 - 0x00007ff9a5af5000 	C:\Windows\system32\shcore.dll
0x00007ff9a59f0000 - 0x00007ff9a5a3b000 	C:\Windows\system32\powrprof.dll
0x00007ff9a59d0000 - 0x00007ff9a59e4000 	C:\Windows\system32\profapi.dll
0x00007ff99d220000 - 0x00007ff99d2a8000 	D:\Workspaces\VineEngine\eclipse_workspace\engine-core\lib\native\lwjgl.dll
0x00007ff9a58d0000 - 0x00007ff9a58db000 	C:\Windows\SYSTEM32\CRYPTBASE.DLL
0x00007ff99cdf0000 - 0x00007ff99ce32000 	D:\Workspaces\VineEngine\eclipse_workspace\engine-core\lib\native\jemalloc.dll
0x00007ff99e3c0000 - 0x00007ff99e3f8000 	D:\Workspaces\VineEngine\eclipse_workspace\engine-core\lib\native\glfw.dll
0x00007ff9a4330000 - 0x00007ff9a43c6000 	C:\Windows\system32\uxtheme.dll
0x00007ff9a3a70000 - 0x00007ff9a3a92000 	C:\Windows\SYSTEM32\dwmapi.dll
0x00007ff98d620000 - 0x00007ff98d749000 	C:\Windows\SYSTEM32\opengl32.dll
0x00007ff99cdc0000 - 0x00007ff99cdee000 	C:\Windows\SYSTEM32\GLU32.dll
0x00007ff98e4b0000 - 0x00007ff98e5aa000 	C:\Windows\SYSTEM32\DDRAW.dll
0x00007ff9a16f0000 - 0x00007ff9a16f8000 	C:\Windows\SYSTEM32\DCIMAN32.dll
0x00007ff9a67a0000 - 0x00007ff9a68fa000 	C:\Windows\system32\MSCTF.dll
0x0000000070000000 - 0x0000000071d49000 	C:\Windows\SYSTEM32\nvoglv64.DLL
0x00007ff9a6a90000 - 0x00007ff9a6eb9000 	C:\Windows\system32\SETUPAPI.dll
0x00007ff9a3630000 - 0x00007ff9a3643000 	C:\Windows\SYSTEM32\WTSAPI32.dll
0x00007ff9a43d0000 - 0x00007ff9a43f7000 	C:\Windows\SYSTEM32\DEVOBJ.dll
0x00007ff9a64d0000 - 0x00007ff9a6525000 	C:\Windows\system32\WINTRUST.dll
0x00007ff9a59c0000 - 0x00007ff9a59d0000 	C:\Windows\system32\MSASN1.dll
0x00007ff9a5b50000 - 0x00007ff9a5d17000 	C:\Windows\system32\CRYPT32.dll
0x00007ff9a4ea0000 - 0x00007ff9a4ed1000 	C:\Windows\SYSTEM32\ntmarta.dll
0x00007ff9a5870000 - 0x00007ff9a58c6000 	C:\Windows\SYSTEM32\WINSTA.dll
0x0000000071e80000 - 0x0000000071e9a000 	C:\Program Files\Java\jre1.8.0_66\bin\net.dll
0x00007ff9a5280000 - 0x00007ff9a52dc000 	C:\Windows\system32\mswsock.dll
0x0000000071e60000 - 0x0000000071e71000 	C:\Program Files\Java\jre1.8.0_66\bin\nio.dll
0x000000006fe50000 - 0x000000006ffe8000 	C:\Program Files\Java\jre1.8.0_66\bin\awt.dll
0x00007ff9a8e10000 - 0x00007ff9a8ed1000 	C:\Windows\system32\OLEAUT32.dll
0x00007ff9a41a0000 - 0x00007ff9a4219000 	C:\Windows\system32\apphelp.dll
0x00007ff9a5330000 - 0x00007ff9a5347000 	C:\Windows\SYSTEM32\CRYPTSP.dll
0x00007ff9a4fc0000 - 0x00007ff9a4ff4000 	C:\Windows\system32\rsaenh.dll
0x00007ff9a58e0000 - 0x00007ff9a5909000 	C:\Windows\SYSTEM32\bcrypt.dll
0x00007ff9a5110000 - 0x00007ff9a512f000 	C:\Windows\SYSTEM32\USERENV.dll
0x00007ff99f430000 - 0x00007ff99f468000 	C:\Windows\SYSTEM32\IPHLPAPI.DLL
0x00007ff9a6790000 - 0x00007ff9a6798000 	C:\Windows\system32\NSI.dll
0x00007ff99e500000 - 0x00007ff99e516000 	C:\Windows\SYSTEM32\dhcpcsvc6.DLL
0x00007ff99e390000 - 0x00007ff99e3aa000 	C:\Windows\SYSTEM32\dhcpcsvc.DLL
0x000000006fe40000 - 0x000000006fe4c000 	C:\Program Files\Java\jre1.8.0_66\bin\jsound.dll
0x000000006fe30000 - 0x000000006fe3b000 	C:\Program Files\Java\jre1.8.0_66\bin\jsoundds.dll
0x00007ff9a7100000 - 0x00007ff9a7243000 	C:\Windows\system32\ole32.dll
0x00007ff98e390000 - 0x00007ff98e42c000 	C:\Windows\SYSTEM32\DSOUND.dll
0x00007ff9a1ae0000 - 0x00007ff9a1b50000 	C:\Windows\SYSTEM32\MMDevAPI.DLL
0x00007ff9a34a0000 - 0x00007ff9a3626000 	C:\Windows\SYSTEM32\PROPSYS.dll
0x00007ff99cd70000 - 0x00007ff99cdb2000 	C:\Windows\SYSTEM32\wdmaud.drv
0x00007ff9a1510000 - 0x00007ff9a1518000 	C:\Windows\SYSTEM32\ksuser.dll
0x00007ff9a2900000 - 0x00007ff9a290b000 	C:\Windows\SYSTEM32\AVRT.dll
0x00007ff98e270000 - 0x00007ff98e2f8000 	C:\Windows\SYSTEM32\AUDIOSES.DLL
0x00007ff99c280000 - 0x00007ff99c3b6000 	C:\Windows\SYSTEM32\wintypes.dll
0x00007ff9a1500000 - 0x00007ff9a150c000 	C:\Windows\SYSTEM32\msacm32.drv
0x00007ff9a14b0000 - 0x00007ff9a14cc000 	C:\Windows\SYSTEM32\MSACM32.dll
0x00007ff9a1430000 - 0x00007ff9a143a000 	C:\Windows\SYSTEM32\midimap.dll
0x00007ff9a7050000 - 0x00007ff9a70f7000 	C:\Windows\system32\clbcatq.dll
0x00007ff9a2100000 - 0x00007ff9a228c000 	C:\Windows\SYSTEM32\dbghelp.dll

VM Arguments:
jvm_args: -Djava.library.path=D:\Workspaces\VineEngine\eclipse_workspace\engine-core\lib\native -Dfile.encoding=UTF-8 
java_command: vine.application.Application
java_class_path (initial): D:\Workspaces\VineEngine\eclipse_workspace\engine-core\target\classes;C:\Users\Steffen\.p2\pool\plugins\org.junit_4.12.0.v201504281640\junit.jar;C:\Users\Steffen\.p2\pool\plugins\org.hamcrest.core_1.3.0.v201303031735.jar;D:\Workspaces\VineEngine\eclipse_workspace\engine-core\lib\lwjgl.jar;D:\Workspaces\VineEngine\eclipse_workspace\engine-core\lib\vine-math-1.0.0.jar;C:\Users\Steffen\.m2\repository\org\slf4j\slf4j-api\1.7.14\slf4j-api-1.7.14.jar;C:\Users\Steffen\.m2\repository\org\slf4j\slf4j-log4j12\1.7.5\slf4j-log4j12-1.7.5.jar;C:\Users\Steffen\.m2\repository\log4j\log4j\1.2.17\log4j-1.2.17.jar
Launcher Type: SUN_STANDARD

Environment Variables:
PATH=C:/Program Files/Java/jre1.8.0_66/bin/server;C:/Program Files/Java/jre1.8.0_66/bin;C:/Program Files/Java/jre1.8.0_66/lib/amd64;C:\ProgramData\Oracle\Java\javapath;C:\Windows\system32;C:\Windows;C:\Windows\System32\Wbem;C:\Windows\System32\WindowsPowerShell\v1.0\;D:\Developement\Git\cmd;C:\Program Files\Microsoft SQL Server\110\Tools\Binn\;D:\Developement\NodeJs\;C:\Program Files (x86)\Windows Kits\8.1\Windows Performance Toolkit\;C:\Program Files (x86)\Microsoft SDKs\TypeScript\1.0\;C:\Program Files\Microsoft SQL Server\120\Tools\Binn\;C:\Users\Steffen\AppData\Roaming\npm;D:\Developement\Programming\Engine\eclipse;
USERNAME=Steffen
OS=Windows_NT
PROCESSOR_IDENTIFIER=Intel64 Family 6 Model 58 Stepping 9, GenuineIntel



---------------  S Y S T E M  ---------------

OS: Windows 10.0 , 64 bit Build 10586 (10.0.10586.0)

CPU:total 8 (4 cores per cpu, 2 threads per core) family 6 model 58 stepping 9, cmov, cx8, fxsr, mmx, sse, sse2, sse3, ssse3, sse4.1, sse4.2, popcnt, avx, aes, clmul, erms, ht, tsc, tscinvbit, tscinv

Memory: 4k page, physical 8352896k(5457824k free), swap 10152072k(6407068k free)

vm_info: Java HotSpot(TM) 64-Bit Server VM (25.66-b18) for windows-amd64 JRE (1.8.0_66-b18), built on Nov  9 2015 10:51:13 by "java_re" with MS VC++ 10.0 (VS2010)

time: Fri Feb 05 11:26:23 2016
elapsed time: 2 seconds (0d 0h 0m 2s)

