#
# A fatal error has been detected by the Java Runtime Environment:
#
#  EXCEPTION_ACCESS_VIOLATION (0xc0000005) at pc=0x00000000598adfa0, pid=5548, tid=684
#
# JRE version: Java(TM) SE Runtime Environment (8.0_77-b03) (build 1.8.0_77-b03)
# Java VM: Java HotSpot(TM) 64-Bit Server VM (25.77-b03 mixed mode windows-amd64 compressed oops)
# Problematic frame:
# C  [nvoglv64.DLL+0xc1dfa0]
#
# Failed to write core dump. Minidumps are not enabled by default on client versions of Windows
#
# If you would like to submit a bug report, please visit:
#   http://bugreport.java.com/bugreport/crash.jsp
# The crash happened outside the Java Virtual Machine in native code.
# See problematic frame for where to report the bug.
#

---------------  T H R E A D  ---------------

Current thread (0x000000001a66b000):  JavaThread "render" [_thread_in_native, id=684, stack(0x00000000210f0000,0x00000000211f0000)]

siginfo: ExceptionCode=0xc0000005, reading address 0x0000000000000000

Registers:
RAX=0x0000000000000000, RBX=0x00000000207e3ab8, RCX=0x000000001d303490, RDX=0x0000000000000008
RSP=0x00000000211eeb58, RBP=0x0000000020646fd0, RSI=0x000000001b8fe670, RDI=0x0000000000000000
R8 =0x000000000000000c, R9 =0x0000000000000104, R10=0x000000000000000c, R11=0x0000000058c90000
R12=0x0000000000000000, R13=0x0000000020646fd0, R14=0x00000000211eebf8, R15=0x0000000000000003
RIP=0x00000000598adfa0, EFLAGS=0x0000000000010202

Top of Stack: (sp=0x00000000211eeb58)
0x00000000211eeb58:   00000000599564e2 0000000020646fd0
0x00000000211eeb68:   0000000000000007 0000000020900000
0x00000000211eeb78:   0000000020900000 0000000000000003
0x00000000211eeb88:   00000000207e37b8 0000000000000000
0x00000000211eeb98:   0000000059956aeb 00000000207e3ab8
0x00000000211eeba8:   00000000598adf90 0000000000000001
0x00000000211eebb8:   000000002048ab10 00000000207e3ab8
0x00000000211eebc8:   00000000598adf90 0000000000000000
0x00000000211eebd8:   00000000211eebf8 0000000001ff7cf0
0x00000000211eebe8:   0000000000000000 0000000000000007
0x00000000211eebf8:   000000001d303490 0000000001ff7cf0
0x00000000211eec08:   10c0000000000000 00000000207e4440
0x00000000211eec18:   0000000020646fd0 0000000000000000
0x00000000211eec28:   0000000000000004 0000000000000000
0x00000000211eec38:   0000000020900000 0000000000000104
0x00000000211eec48:   0000000000001405 0000000000000186 

Instructions: (pc=0x00000000598adfa0)
0x00000000598adf80:   48 8b c1 c3 cc cc cc cc cc cc cc cc cc cc cc cc
0x00000000598adf90:   4d 63 d0 48 83 c2 08 66 0f 1f 84 00 00 00 00 00
0x00000000598adfa0:   8b 42 f8 48 83 c1 0c 89 41 f4 8b 42 fc 89 41 f8
0x00000000598adfb0:   8b 02 49 03 d2 89 41 fc 41 ff c9 75 e3 48 8b c1 


Register to memory mapping:

RAX=0x0000000000000000 is an unknown value
RBX=0x00000000207e3ab8 is an unknown value
RCX=0x000000001d303490 is an unknown value
RDX=0x0000000000000008 is an unknown value
RSP=0x00000000211eeb58 is pointing into the stack for thread: 0x000000001a66b000
RBP=0x0000000020646fd0 is an unknown value
RSI=0x000000001b8fe670 is an unknown value
RDI=0x0000000000000000 is an unknown value
R8 =0x000000000000000c is an unknown value
R9 =0x0000000000000104 is an unknown value
R10=0x000000000000000c is an unknown value
R11=0x0000000058c90000 is an unknown value
R12=0x0000000000000000 is an unknown value
R13=0x0000000020646fd0 is an unknown value
R14=0x00000000211eebf8 is pointing into the stack for thread: 0x000000001a66b000
R15=0x0000000000000003 is an unknown value


Stack: [0x00000000210f0000,0x00000000211f0000],  sp=0x00000000211eeb58,  free space=1018k
Native frames: (J=compiled Java code, j=interpreted, Vv=VM code, C=native code)
C  [nvoglv64.DLL+0xc1dfa0]

Java frames: (J=compiled Java code, j=interpreted, Vv=VM code)
j  org.lwjgl.system.JNI.callIIIPV(JIIIJ)V+0
j  org.lwjgl.opengl.GL11.nglDrawElements(IIIJ)V+14
j  org.lwjgl.opengl.GL11.glDrawElements(IIIJ)V+17
j  vine.platform.lwjgl3.GLGraphics.drawElements(I)V+6
j  vine.graphics.VertexBufferObject.draw(I)V+5
j  vine.graphics.GUIRenderer.flush()V+39
j  vine.graphics.GUIRenderer.renderGUI(Ljava/util/List;Lvine/game/screen/Screen;)V+396
j  vine.game.gui.GameUserInterface.render(Lvine/game/screen/Screen;)V+9
j  vine.game.World.render()V+36
j  vine.application.Engine.lambda$3()V+169
j  vine.application.Engine$$Lambda$36.run()V+4
j  java.lang.Thread.run()V+11
v  ~StubRoutines::call_stub

---------------  P R O C E S S  ---------------

Java Threads: ( => current thread )
=>0x000000001a66b000 JavaThread "render" [_thread_in_native, id=684, stack(0x00000000210f0000,0x00000000211f0000)]
  0x000000001a667000 JavaThread "logic" [_thread_blocked, id=3076, stack(0x0000000020ff0000,0x00000000210f0000)]
  0x000000001a4ff000 JavaThread "AWT-Windows" daemon [_thread_in_native, id=2316, stack(0x000000001ff60000,0x0000000020060000)]
  0x000000001a4fe000 JavaThread "AWT-Shutdown" [_thread_blocked, id=2668, stack(0x000000001fe60000,0x000000001ff60000)]
  0x000000001a42a800 JavaThread "Java2D Disposer" daemon [_thread_blocked, id=4928, stack(0x000000001fb60000,0x000000001fc60000)]
  0x000000001945f000 JavaThread "Service Thread" daemon [_thread_blocked, id=5616, stack(0x0000000019f70000,0x000000001a070000)]
  0x00000000193c5800 JavaThread "C1 CompilerThread3" daemon [_thread_blocked, id=5276, stack(0x0000000019e70000,0x0000000019f70000)]
  0x00000000193c0800 JavaThread "C2 CompilerThread2" daemon [_thread_blocked, id=4916, stack(0x0000000019d70000,0x0000000019e70000)]
  0x00000000193b9000 JavaThread "C2 CompilerThread1" daemon [_thread_blocked, id=6800, stack(0x0000000019c70000,0x0000000019d70000)]
  0x00000000193b7000 JavaThread "C2 CompilerThread0" daemon [_thread_blocked, id=3676, stack(0x0000000019b70000,0x0000000019c70000)]
  0x00000000193b4000 JavaThread "Attach Listener" daemon [_thread_blocked, id=5056, stack(0x0000000019a70000,0x0000000019b70000)]
  0x00000000193bd000 JavaThread "Signal Dispatcher" daemon [_thread_blocked, id=1276, stack(0x0000000019970000,0x0000000019a70000)]
  0x00000000193b0800 JavaThread "Finalizer" daemon [_thread_blocked, id=5752, stack(0x0000000019790000,0x0000000019890000)]
  0x00000000023c6000 JavaThread "Reference Handler" daemon [_thread_blocked, id=6340, stack(0x0000000019290000,0x0000000019390000)]
  0x00000000022d0800 JavaThread "main" [_thread_blocked, id=5528, stack(0x0000000002160000,0x0000000002260000)]

Other Threads:
  0x00000000174b9000 VMThread [stack: 0x0000000019190000,0x0000000019290000] [id=896]
  0x0000000019474000 WatcherThread [stack: 0x000000001a070000,0x000000001a170000] [id=2608]

VM state:not at safepoint (normal execution)

VM Mutex/Monitor currently owned by a thread: None

Heap:
 PSYoungGen      total 38400K, used 28398K [0x00000000d5800000, 0x00000000d8280000, 0x0000000100000000)
  eden space 33280K, 85% used [0x00000000d5800000,0x00000000d73bb908,0x00000000d7880000)
  from space 5120K, 0% used [0x00000000d7d80000,0x00000000d7d80000,0x00000000d8280000)
  to   space 5120K, 0% used [0x00000000d7880000,0x00000000d7880000,0x00000000d7d80000)
 ParOldGen       total 87552K, used 0K [0x0000000080800000, 0x0000000085d80000, 0x00000000d5800000)
  object space 87552K, 0% used [0x0000000080800000,0x0000000080800000,0x0000000085d80000)
 Metaspace       used 14033K, capacity 14352K, committed 14592K, reserved 1062912K
  class space    used 1395K, capacity 1474K, committed 1536K, reserved 1048576K

Card table byte_map: [0x0000000011860000,0x0000000011c60000] byte_map_base: 0x000000001145c000

Marking Bits: (ParMarkBitMap*) 0x000000005abd0600
 Begin Bits: [0x0000000012710000, 0x00000000146f0000)
 End Bits:   [0x00000000146f0000, 0x00000000166d0000)

Polling page: 0x0000000000540000

CodeCache: size=245760Kb used=3571Kb max_used=3583Kb free=242188Kb
 bounds [0x00000000024a0000, 0x0000000002830000, 0x00000000114a0000]
 total_blobs=1888 nmethods=1007 adapters=794
 compilation: enabled

Compilation events (10 events):
Event: 2.031 Thread 0x00000000193c5800 1002       3       java.lang.invoke.InvokerBytecodeGenerator::emitPushArgument (28 bytes)
Event: 2.031 Thread 0x00000000193c5800 nmethod 1002 0x00000000028170d0 code [0x0000000002817260, 0x0000000002817738]
Event: 2.031 Thread 0x00000000193c5800 1003       3       java.lang.invoke.InvokerBytecodeGenerator::emitPushArgument (120 bytes)
Event: 2.032 Thread 0x00000000193c5800 nmethod 1003 0x0000000002818ed0 code [0x0000000002819160, 0x000000000281a138]
Event: 2.032 Thread 0x00000000193c5800 1004       3       java.lang.invoke.InvokerBytecodeGenerator::emitLoadInsn (21 bytes)
Event: 2.033 Thread 0x00000000193c5800 nmethod 1004 0x0000000002818990 code [0x0000000002818b00, 0x0000000002818d98]
Event: 2.033 Thread 0x00000000193c5800 1005       3       java.lang.invoke.InvokerBytecodeGenerator::loadInsnOpcode (86 bytes)
Event: 2.033 Thread 0x00000000193b9000 1007       4       jdk.internal.org.objectweb.asm.ByteVector::putShort (52 bytes)
Event: 2.033 Thread 0x00000000193c5800 nmethod 1005 0x000000000281cdd0 code [0x000000000281cfe0, 0x000000000281daf8]
Event: 2.035 Thread 0x00000000193b9000 nmethod 1007 0x0000000002820d10 code [0x0000000002820e60, 0x0000000002820fc8]

GC Heap History (0 events):
No events

Deoptimization events (2 events):
Event: 1.563 Thread 0x00000000022d0800 Uncommon trap: reason=unstable_if action=reinterpret pc=0x0000000002758310 method=java.awt.image.DirectColorModel.getsRGBComponentFromsRGB(II)I @ 42
Event: 1.747 Thread 0x00000000022d0800 Uncommon trap: reason=unstable_if action=reinterpret pc=0x0000000002661524 method=java.lang.String.indexOf([CII[CIII)I @ 3

Internal exceptions (10 events):
Event: 0.210 Thread 0x00000000022d0800 Exception <a 'java/lang/ClassNotFoundException': java/lang/ObjectCustomizer> (0x00000000d5ad2510) thrown at [D:\re\workspace\8-2-build-windows-amd64-cygwin\jdk8u77\6540\hotspot\src\share\vm\classfile\systemDictionary.cpp, line 210]
Event: 0.213 Thread 0x00000000022d0800 Exception <a 'java/lang/ArrayIndexOutOfBoundsException': 18> (0x00000000d5ad4c10) thrown at [D:\re\workspace\8-2-build-windows-amd64-cygwin\jdk8u77\6540\hotspot\src\share\vm\interpreter\interpreterRuntime.cpp, line 366]
Event: 0.214 Thread 0x00000000022d0800 Exception <a 'java/lang/ArrayIndexOutOfBoundsException': 22> (0x00000000d5ad7f70) thrown at [D:\re\workspace\8-2-build-windows-amd64-cygwin\jdk8u77\6540\hotspot\src\share\vm\interpreter\interpreterRuntime.cpp, line 366]
Event: 0.215 Thread 0x00000000022d0800 Exception <a 'java/lang/ArrayIndexOutOfBoundsException': 160> (0x00000000d5ada3c0) thrown at [D:\re\workspace\8-2-build-windows-amd64-cygwin\jdk8u77\6540\hotspot\src\share\vm\interpreter\interpreterRuntime.cpp, line 366]
Event: 0.218 Thread 0x00000000022d0800 Exception <a 'java/lang/ClassNotFoundException': org/apache/log4j/LayoutCustomizer> (0x00000000d5ae0748) thrown at [D:\re\workspace\8-2-build-windows-amd64-cygwin\jdk8u77\6540\hotspot\src\share\vm\classfile\systemDictionary.cpp, line 210]
Event: 0.220 Thread 0x00000000022d0800 Exception <a 'java/lang/ClassNotFoundException': org/apache/log4j/PatternLayoutCustomizer> (0x00000000d5af3898) thrown at [D:\re\workspace\8-2-build-windows-amd64-cygwin\jdk8u77\6540\hotspot\src\share\vm\classfile\systemDictionary.cpp, line 210]
Event: 0.586 Thread 0x00000000022d0800 Exception <a 'java/lang/NoSuchFieldError': method resolution failed> (0x00000000d5d763c0) thrown at [D:\re\workspace\8-2-build-windows-amd64-cygwin\jdk8u77\6540\hotspot\src\share\vm\prims\methodHandles.cpp, line 1146]
Event: 0.588 Thread 0x00000000022d0800 Exception <a 'java/lang/NoSuchFieldError': method resolution failed> (0x00000000d5d83740) thrown at [D:\re\workspace\8-2-build-windows-amd64-cygwin\jdk8u77\6540\hotspot\src\share\vm\prims\methodHandles.cpp, line 1146]
Event: 1.407 Thread 0x00000000022d0800 Exception <a 'java/io/FileNotFoundException'> (0x00000000d6854528) thrown at [D:\re\workspace\8-2-build-windows-amd64-cygwin\jdk8u77\6540\hotspot\src\share\vm\prims\jni.cpp, line 709]
Event: 1.464 Thread 0x00000000022d0800 Exception <a 'java/io/FileNotFoundException'> (0x00000000d689cd60) thrown at [D:\re\workspace\8-2-build-windows-amd64-cygwin\jdk8u77\6540\hotspot\src\share\vm\prims\jni.cpp, line 709]

Events (10 events):
Event: 2.032 loading class org/lwjgl/glfw/GLFWWindowSizeCallback$SAM
Event: 2.032 loading class org/lwjgl/glfw/GLFWWindowSizeCallback$SAM done
Event: 2.033 loading class org/lwjgl/glfw/GLFWWindowSizeCallback$1
Event: 2.033 loading class org/lwjgl/glfw/GLFWWindowSizeCallback$1 done
Event: 2.034 loading class vine/application/PerformanceMonitor
Event: 2.034 loading class vine/application/PerformanceMonitor done
Event: 2.034 loading class javax/management/NotificationListener
Event: 2.035 loading class javax/management/NotificationListener done
Event: 2.035 loading class vine/graphics/shader/ShaderUniforms
Event: 2.035 loading class vine/graphics/shader/ShaderUniforms done


Dynamic libraries:
0x00007ff70dcc0000 - 0x00007ff70dcf7000 	C:\Program Files\Java\jre1.8.0_77\bin\javaw.exe
0x00007ffa2c600000 - 0x00007ffa2c7c1000 	C:\Windows\SYSTEM32\ntdll.dll
0x00007ffa2bc70000 - 0x00007ffa2bd1d000 	C:\Windows\system32\KERNEL32.DLL
0x00007ffa28e40000 - 0x00007ffa29028000 	C:\Windows\system32\KERNELBASE.dll
0x00007ffa2bb50000 - 0x00007ffa2bbf7000 	C:\Windows\system32\ADVAPI32.dll
0x00007ffa29af0000 - 0x00007ffa29b8d000 	C:\Windows\system32\msvcrt.dll
0x00007ffa2b540000 - 0x00007ffa2b59b000 	C:\Windows\system32\sechost.dll
0x00007ffa2b990000 - 0x00007ffa2baac000 	C:\Windows\system32\RPCRT4.dll
0x00007ffa2bd20000 - 0x00007ffa2be76000 	C:\Windows\system32\USER32.dll
0x00007ffa2b6f0000 - 0x00007ffa2b876000 	C:\Windows\system32\GDI32.dll
0x00007ffa23b70000 - 0x00007ffa23de4000 	C:\Windows\WinSxS\amd64_microsoft.windows.common-controls_6595b64144ccf1df_6.0.10586.0_none_8c15ae12515e1c22\COMCTL32.dll
0x00007ffa29b90000 - 0x00007ffa29e0d000 	C:\Windows\system32\combase.dll
0x00007ffa29900000 - 0x00007ffa2996a000 	C:\Windows\system32\bcryptPrimitives.dll
0x00007ffa2bab0000 - 0x00007ffa2baeb000 	C:\Windows\system32\IMM32.DLL
0x000000005a2e0000 - 0x000000005a3b2000 	C:\Program Files\Java\jre1.8.0_77\bin\msvcr100.dll
0x000000005a3c0000 - 0x000000005ac50000 	C:\Program Files\Java\jre1.8.0_77\bin\server\jvm.dll
0x00007ffa2b530000 - 0x00007ffa2b538000 	C:\Windows\system32\PSAPI.DLL
0x00007ffa248c0000 - 0x00007ffa248e3000 	C:\Windows\SYSTEM32\WINMM.dll
0x00007ffa26290000 - 0x00007ffa2629a000 	C:\Windows\SYSTEM32\VERSION.dll
0x00007ffa23e40000 - 0x00007ffa23e49000 	C:\Windows\SYSTEM32\WSOCK32.dll
0x00007ffa2bf30000 - 0x00007ffa2bf9b000 	C:\Windows\system32\WS2_32.dll
0x0000000000510000 - 0x000000000053c000 	C:\Windows\SYSTEM32\WINMMBASE.dll
0x00007ffa28d90000 - 0x00007ffa28dd3000 	C:\Windows\system32\cfgmgr32.dll
0x000000005a2d0000 - 0x000000005a2df000 	C:\Program Files\Java\jre1.8.0_77\bin\verify.dll
0x000000005a2a0000 - 0x000000005a2c9000 	C:\Program Files\Java\jre1.8.0_77\bin\java.dll
0x000000005a280000 - 0x000000005a296000 	C:\Program Files\Java\jre1.8.0_77\bin\zip.dll
0x00007ffa29e10000 - 0x00007ffa2b36c000 	C:\Windows\system32\SHELL32.dll
0x00007ffa29030000 - 0x00007ffa29675000 	C:\Windows\system32\windows.storage.dll
0x00007ffa2b370000 - 0x00007ffa2b3c2000 	C:\Windows\system32\shlwapi.dll
0x00007ffa28c40000 - 0x00007ffa28c4f000 	C:\Windows\system32\kernel.appcore.dll
0x00007ffa28cd0000 - 0x00007ffa28d85000 	C:\Windows\system32\shcore.dll
0x00007ffa28c50000 - 0x00007ffa28c9b000 	C:\Windows\system32\powrprof.dll
0x00007ffa28c20000 - 0x00007ffa28c34000 	C:\Windows\system32\profapi.dll
0x00007ffa221b0000 - 0x00007ffa22262000 	D:\Workspaces\Vine_Engine\eclipse_workspace\engine-core\lib\native\lwjgl.dll
0x00007ffa2b5a0000 - 0x00007ffa2b6e3000 	C:\Windows\system32\ole32.dll
0x00007ffa286c0000 - 0x00007ffa286cb000 	C:\Windows\SYSTEM32\CRYPTBASE.DLL
0x00007ffa235c0000 - 0x00007ffa23600000 	D:\Workspaces\Vine_Engine\eclipse_workspace\engine-core\lib\native\jemalloc.dll
0x00007ffa21db0000 - 0x00007ffa21de8000 	D:\Workspaces\Vine_Engine\eclipse_workspace\engine-core\lib\native\glfw.dll
0x00007ffa275e0000 - 0x00007ffa27676000 	C:\Windows\system32\uxtheme.dll
0x00007ffa26e00000 - 0x00007ffa26e22000 	C:\Windows\SYSTEM32\dwmapi.dll
0x00007ffa2b3d0000 - 0x00007ffa2b52a000 	C:\Windows\system32\MSCTF.dll
0x00007ffa137e0000 - 0x00007ffa13909000 	C:\Windows\SYSTEM32\opengl32.dll
0x00007ffa23e80000 - 0x00007ffa23eae000 	C:\Windows\SYSTEM32\GLU32.dll
0x00007ffa136e0000 - 0x00007ffa137da000 	C:\Windows\SYSTEM32\DDRAW.dll
0x00007ffa23e10000 - 0x00007ffa23e18000 	C:\Windows\SYSTEM32\DCIMAN32.dll
0x0000000058c90000 - 0x000000005a20e000 	C:\Windows\SYSTEM32\nvoglv64.DLL
0x00007ffa2c160000 - 0x00007ffa2c589000 	C:\Windows\system32\SETUPAPI.dll
0x00007ffa24840000 - 0x00007ffa24853000 	C:\Windows\SYSTEM32\WTSAPI32.dll
0x00007ffa26dd0000 - 0x00007ffa26df7000 	C:\Windows\SYSTEM32\DEVOBJ.dll
0x00007ffa28de0000 - 0x00007ffa28e35000 	C:\Windows\system32\WINTRUST.dll
0x00007ffa28ca0000 - 0x00007ffa28cb0000 	C:\Windows\system32\MSASN1.dll
0x00007ffa29730000 - 0x00007ffa298f7000 	C:\Windows\system32\CRYPT32.dll
0x00007ffa28110000 - 0x00007ffa28141000 	C:\Windows\SYSTEM32\ntmarta.dll
0x00007ffa28af0000 - 0x00007ffa28b46000 	C:\Windows\SYSTEM32\WINSTA.dll
0x0000000058af0000 - 0x0000000058c88000 	C:\Program Files\Java\jre1.8.0_77\bin\awt.dll
0x00007ffa29a20000 - 0x00007ffa29ae1000 	C:\Windows\system32\OLEAUT32.dll
0x00007ffa27300000 - 0x00007ffa27379000 	C:\Windows\system32\apphelp.dll
0x0000000058aa0000 - 0x0000000058ae7000 	C:\Program Files\Java\jre1.8.0_77\bin\fontmanager.dll
0x000000005a260000 - 0x000000005a27a000 	C:\Program Files\Java\jre1.8.0_77\bin\net.dll
0x00007ffa284f0000 - 0x00007ffa2854c000 	C:\Windows\system32\mswsock.dll
0x000000005a240000 - 0x000000005a251000 	C:\Program Files\Java\jre1.8.0_77\bin\nio.dll
0x00007ffa0f850000 - 0x00007ffa0fa60000 	C:\Windows\system32\d3d9.dll
0x00007ffa09410000 - 0x00007ffa0a326000 	C:\Windows\SYSTEM32\nvd3dumx.dll
0x0000000058a50000 - 0x0000000058a92000 	C:\Program Files\Java\jre1.8.0_77\bin\t2k.dll
0x00007ffa285a0000 - 0x00007ffa285b7000 	C:\Windows\SYSTEM32\CRYPTSP.dll
0x00007ffa28230000 - 0x00007ffa28264000 	C:\Windows\system32\rsaenh.dll
0x00007ffa28b50000 - 0x00007ffa28b79000 	C:\Windows\SYSTEM32\bcrypt.dll
0x00007ffa28380000 - 0x00007ffa2839f000 	C:\Windows\SYSTEM32\USERENV.dll
0x00007ffa229d0000 - 0x00007ffa22a08000 	C:\Windows\SYSTEM32\IPHLPAPI.DLL
0x00007ffa2bc60000 - 0x00007ffa2bc68000 	C:\Windows\system32\NSI.dll
0x00007ffa22940000 - 0x00007ffa22956000 	C:\Windows\SYSTEM32\dhcpcsvc6.DLL
0x00007ffa22920000 - 0x00007ffa2293a000 	C:\Windows\SYSTEM32\dhcpcsvc.DLL
0x0000000058a40000 - 0x0000000058a4d000 	C:\Program Files\Java\jre1.8.0_77\bin\management.dll
0x00007ffa17670000 - 0x00007ffa177fc000 	C:\Windows\SYSTEM32\dbghelp.dll

VM Arguments:
jvm_args: -Djava.library.path=D:\Workspaces\Vine_Engine\eclipse_workspace\engine-core\lib\native -Dfile.encoding=UTF-8 
java_command: vine.application.Launch
java_class_path (initial): D:\Workspaces\Vine_Engine\eclipse_workspace\engine-core\target\classes;D:\Development\Eclipse_Vine\plugins\org.junit_4.12.0.v201504281640\junit.jar;D:\Development\Eclipse_Vine\plugins\org.hamcrest.core_1.3.0.v201303031735.jar;D:\Workspaces\Vine_Engine\eclipse_workspace\engine-core\lib\vine-math-1.0.0.jar;D:\Workspaces\Vine_Engine\eclipse_workspace\engine-core\lib\lwjgl.jar;C:\Users\Steffen\.m2\repository\org\slf4j\slf4j-api\1.7.14\slf4j-api-1.7.14.jar;C:\Users\Steffen\.m2\repository\org\slf4j\slf4j-log4j12\1.7.5\slf4j-log4j12-1.7.5.jar;C:\Users\Steffen\.m2\repository\log4j\log4j\1.2.17\log4j-1.2.17.jar
Launcher Type: SUN_STANDARD

Environment Variables:
PATH=C:/Program Files/Java/jre1.8.0_77/bin/server;C:/Program Files/Java/jre1.8.0_77/bin;C:/Program Files/Java/jre1.8.0_77/lib/amd64;C:\ProgramData\Oracle\Java\javapath;C:\Windows\system32;C:\Windows;C:\Windows\System32\Wbem;C:\Windows\System32\WindowsPowerShell\v1.0\;D:\Development\Git\cmd;D:\Development\Eclipse_Vine;
USERNAME=Steffen
OS=Windows_NT
PROCESSOR_IDENTIFIER=Intel64 Family 6 Model 58 Stepping 9, GenuineIntel



---------------  S Y S T E M  ---------------

OS: Windows 10.0 , 64 bit Build 10586 (10.0.10586.0)

CPU:total 8 (4 cores per cpu, 2 threads per core) family 6 model 58 stepping 9, cmov, cx8, fxsr, mmx, sse, sse2, sse3, ssse3, sse4.1, sse4.2, popcnt, avx, aes, clmul, erms, ht, tsc, tscinvbit, tscinv

Memory: 4k page, physical 8352896k(5631860k free), swap 10318976k(6561356k free)

vm_info: Java HotSpot(TM) 64-Bit Server VM (25.77-b03) for windows-amd64 JRE (1.8.0_77-b03), built on Mar 20 2016 22:01:33 by "java_re" with MS VC++ 10.0 (VS2010)

time: Wed Apr 13 11:03:16 2016
elapsed time: 2 seconds (0d 0h 0m 2s)

